# JRE version: OpenJDK Runtime Environment (8.0_212-b04) (build 1.8.0_212-release-1586-b04)
# Java VM: OpenJDK 64-Bit Server VM (25.212-b04 mixed mode windows-amd64 compressed oops)
Heap:
 PSYoungGen      total 140288K, used 50290K [0x00000000e0000000, 0x00000000f1580000, 0x0000000100000000)
  eden space 129536K, 38% used [0x00000000e0000000,0x00000000e311ca28,0x00000000e7e80000)
  from space 10752K, 0% used [0x00000000e7e80000,0x00000000e7e80000,0x00000000e8900000)
  to   space 15872K, 0% used [0x00000000f0600000,0x00000000f0600000,0x00000000f1580000)
 ParOldGen       total 90112K, used 18349K [0x00000000a0000000, 0x00000000a5800000, 0x00000000e0000000)
  object space 90112K, 20% used [0x00000000a0000000,0x00000000a11eb790,0x00000000a5800000)
 Metaspace       used 38829K, capacity 39780K, committed 39936K, reserved 1083392K
  class space    used 5318K, capacity 5565K, committed 5632K, reserved 1048576K
GC Heap History (10 events):
Event: 12.989 GC heap before
{Heap before GC invocations=3 (full 0):
 PSYoungGen      total 75264K, used 69480K [0x00000000e0000000, 0x00000000e9380000, 0x0000000100000000)
  eden space 65024K, 91% used [0x00000000e0000000,0x00000000e3a334c0,0x00000000e3f80000)
  from space 10240K, 96% used [0x00000000e8980000,0x00000000e9326e78,0x00000000e9380000)
  to   space 10752K, 0% used [0x00000000e7e80000,0x00000000e7e80000,0x00000000e8900000)
 ParOldGen       total 173568K, used 16K [0x00000000a0000000, 0x00000000aa980000, 0x00000000e0000000)
  object space 173568K, 0% used [0x00000000a0000000,0x00000000a0004000,0x00000000aa980000)
 Metaspace       used 20647K, capacity 21188K, committed 21296K, reserved 1067008K
  class space    used 2962K, capacity 3129K, committed 3200K, reserved 1048576K
Event: 13.017 GC heap after
Heap after GC invocations=3 (full 0):
 PSYoungGen      total 140288K, used 10728K [0x00000000e0000000, 0x00000000e9400000, 0x0000000100000000)
  eden space 129536K, 0% used [0x00000000e0000000,0x00000000e0000000,0x00000000e7e80000)
  from space 10752K, 99% used [0x00000000e7e80000,0x00000000e88fa038,0x00000000e8900000)
  to   space 10752K, 0% used [0x00000000e8980000,0x00000000e8980000,0x00000000e9400000)
 ParOldGen       total 173568K, used 2196K [0x00000000a0000000, 0x00000000aa980000, 0x00000000e0000000)
  object space 173568K, 1% used [0x00000000a0000000,0x00000000a02250d8,0x00000000aa980000)
 Metaspace       used 20647K, capacity 21188K, committed 21296K, reserved 1067008K
  class space    used 2962K, capacity 3129K, committed 3200K, reserved 1048576K
}
Event: 13.017 GC heap before
{Heap before GC invocations=4 (full 1):
 PSYoungGen      total 140288K, used 10728K [0x00000000e0000000, 0x00000000e9400000, 0x0000000100000000)
  eden space 129536K, 0% used [0x00000000e0000000,0x00000000e0000000,0x00000000e7e80000)
  from space 10752K, 99% used [0x00000000e7e80000,0x00000000e88fa038,0x00000000e8900000)
  to   space 10752K, 0% used [0x00000000e8980000,0x00000000e8980000,0x00000000e9400000)
 ParOldGen       total 173568K, used 2196K [0x00000000a0000000, 0x00000000aa980000, 0x00000000e0000000)
  object space 173568K, 1% used [0x00000000a0000000,0x00000000a02250d8,0x00000000aa980000)
 Metaspace       used 20647K, capacity 21188K, committed 21296K, reserved 1067008K
  class space    used 2962K, capacity 3129K, committed 3200K, reserved 1048576K
Event: 13.054 GC heap after
Heap after GC invocations=4 (full 1):
 PSYoungGen      total 140288K, used 0K [0x00000000e0000000, 0x00000000e9400000, 0x0000000100000000)
  eden space 129536K, 0% used [0x00000000e0000000,0x00000000e0000000,0x00000000e7e80000)
  from space 10752K, 0% used [0x00000000e7e80000,0x00000000e7e80000,0x00000000e8900000)
  to   space 10752K, 0% used [0x00000000e8980000,0x00000000e8980000,0x00000000e9400000)
 ParOldGen       total 90112K, used 12573K [0x00000000a0000000, 0x00000000a5800000, 0x00000000e0000000)
  object space 90112K, 13% used [0x00000000a0000000,0x00000000a0c476d0,0x00000000a5800000)
 Metaspace       used 20647K, capacity 21188K, committed 21296K, reserved 1067008K
  class space    used 2962K, capacity 3129K, committed 3200K, reserved 1048576K
}
Event: 16.352 GC heap before
{Heap before GC invocations=5 (full 1):
 PSYoungGen      total 140288K, used 129536K [0x00000000e0000000, 0x00000000e9400000, 0x0000000100000000)
  eden space 129536K, 100% used [0x00000000e0000000,0x00000000e7e80000,0x00000000e7e80000)
  from space 10752K, 0% used [0x00000000e7e80000,0x00000000e7e80000,0x00000000e8900000)
  to   space 10752K, 0% used [0x00000000e8980000,0x00000000e8980000,0x00000000e9400000)
 ParOldGen       total 90112K, used 12573K [0x00000000a0000000, 0x00000000a5800000, 0x00000000e0000000)
  object space 90112K, 13% used [0x00000000a0000000,0x00000000a0c476d0,0x00000000a5800000)
 Metaspace       used 32275K, capacity 33002K, committed 33280K, reserved 1077248K
  class space    used 4356K, capacity 4563K, committed 4608K, reserved 1048576K
Event: 16.384 GC heap after
Heap after GC invocations=5 (full 1):
 PSYoungGen      total 140288K, used 10741K [0x00000000e0000000, 0x00000000e9400000, 0x0000000100000000)
  eden space 129536K, 0% used [0x00000000e0000000,0x00000000e0000000,0x00000000e7e80000)
  from space 10752K, 99% used [0x00000000e8980000,0x00000000e93fd440,0x00000000e9400000)
  to   space 10752K, 0% used [0x00000000e7e80000,0x00000000e7e80000,0x00000000e8900000)
 ParOldGen       total 90112K, used 15344K [0x00000000a0000000, 0x00000000a5800000, 0x00000000e0000000)
  object space 90112K, 17% used [0x00000000a0000000,0x00000000a0efc138,0x00000000a5800000)
 Metaspace       used 32275K, capacity 33002K, committed 33280K, reserved 1077248K
  class space    used 4356K, capacity 4563K, committed 4608K, reserved 1048576K
}
Event: 17.216 GC heap before
{Heap before GC invocations=6 (full 1):
 PSYoungGen      total 140288K, used 64295K [0x00000000e0000000, 0x00000000e9400000, 0x0000000100000000)
  eden space 129536K, 41% used [0x00000000e0000000,0x00000000e344ca60,0x00000000e7e80000)
  from space 10752K, 99% used [0x00000000e8980000,0x00000000e93fd440,0x00000000e9400000)
  to   space 10752K, 0% used [0x00000000e7e80000,0x00000000e7e80000,0x00000000e8900000)
 ParOldGen       total 90112K, used 15344K [0x00000000a0000000, 0x00000000a5800000, 0x00000000e0000000)
  object space 90112K, 17% used [0x00000000a0000000,0x00000000a0efc138,0x00000000a5800000)
 Metaspace       used 34710K, capacity 35418K, committed 35456K, reserved 1079296K
  class space    used 4768K, capacity 4976K, committed 4992K, reserved 1048576K
Event: 17.383 GC heap after
Heap after GC invocations=6 (full 1):
 PSYoungGen      total 140288K, used 10747K [0x00000000e0000000, 0x00000000f1580000, 0x0000000100000000)
  eden space 129536K, 0% used [0x00000000e0000000,0x00000000e0000000,0x00000000e7e80000)
  from space 10752K, 99% used [0x00000000e7e80000,0x00000000e88fee48,0x00000000e8900000)
  to   space 15872K, 0% used [0x00000000f0600000,0x00000000f0600000,0x00000000f1580000)
 ParOldGen       total 90112K, used 15654K [0x00000000a0000000, 0x00000000a5800000, 0x00000000e0000000)
  object space 90112K, 17% used [0x00000000a0000000,0x00000000a0f49898,0x00000000a5800000)
 Metaspace       used 34710K, capacity 35418K, committed 35456K, reserved 1079296K
  class space    used 4768K, capacity 4976K, committed 4992K, reserved 1048576K
}
Event: 17.383 GC heap before
{Heap before GC invocations=7 (full 2):
 PSYoungGen      total 140288K, used 10747K [0x00000000e0000000, 0x00000000f1580000, 0x0000000100000000)
  eden space 129536K, 0% used [0x00000000e0000000,0x00000000e0000000,0x00000000e7e80000)
  from space 10752K, 99% used [0x00000000e7e80000,0x00000000e88fee48,0x00000000e8900000)
  to   space 15872K, 0% used [0x00000000f0600000,0x00000000f0600000,0x00000000f1580000)
 ParOldGen       total 90112K, used 15654K [0x00000000a0000000, 0x00000000a5800000, 0x00000000e0000000)
  object space 90112K, 17% used [0x00000000a0000000,0x00000000a0f49898,0x00000000a5800000)
 Metaspace       used 34710K, capacity 35418K, committed 35456K, reserved 1079296K
  class space    used 4768K, capacity 4976K, committed 4992K, reserved 1048576K
Event: 17.549 GC heap after
Heap after GC invocations=7 (full 2):
 PSYoungGen      total 140288K, used 0K [0x00000000e0000000, 0x00000000f1580000, 0x0000000100000000)
  eden space 129536K, 0% used [0x00000000e0000000,0x00000000e0000000,0x00000000e7e80000)
  from space 10752K, 0% used [0x00000000e7e80000,0x00000000e7e80000,0x00000000e8900000)
  to   space 15872K, 0% used [0x00000000f0600000,0x00000000f0600000,0x00000000f1580000)
 ParOldGen       total 90112K, used 18349K [0x00000000a0000000, 0x00000000a5800000, 0x00000000e0000000)
  object space 90112K, 20% used [0x00000000a0000000,0x00000000a11eb790,0x00000000a5800000)
 Metaspace       used 34710K, capacity 35418K, committed 35456K, reserved 1079296K
  class space    used 4768K, capacity 4976K, committed 4992K, reserved 1048576K
}

